<?xml version="1.0" encoding="UTF-8"?>
<testng-results skipped="0" failed="0" ignored="0" total="2" passed="2">
  <reporter-output>
  </reporter-output>
  <suite name="Default suite" duration-ms="148" started-at="2020-10-12T21:03:34 IST" finished-at="2020-10-12T21:03:34 IST">
    <groups>
    </groups>
    <test name="Default test" duration-ms="148" started-at="2020-10-12T21:03:34 IST" finished-at="2020-10-12T21:03:34 IST">
      <class name="testpavk.Test1">
        <test-method status="PASS" signature="beforeClass()[pri:0, instance:testpavk.Test1@65e2dbf3]" name="beforeClass" is-config="true" duration-ms="15" started-at="2020-10-12T21:03:34 IST" finished-at="2020-10-12T21:03:34 IST">
          <reporter-output>
          </reporter-output>
        </test-method> <!-- beforeClass -->
        <test-method status="PASS" signature="beforeMethod()[pri:0, instance:testpavk.Test1@65e2dbf3]" name="beforeMethod" is-config="true" duration-ms="1" started-at="2020-10-12T21:03:34 IST" finished-at="2020-10-12T21:03:34 IST">
          <reporter-output>
          </reporter-output>
        </test-method> <!-- beforeMethod -->
        <test-method status="PASS" signature="test()[pri:0, instance:testpavk.Test1@65e2dbf3]" name="test" duration-ms="15" started-at="2020-10-12T21:03:34 IST" finished-at="2020-10-12T21:03:34 IST">
          <reporter-output>
          </reporter-output>
        </test-method> <!-- test -->
        <test-method status="PASS" signature="afterMethod()[pri:0, instance:testpavk.Test1@65e2dbf3]" name="afterMethod" is-config="true" duration-ms="8" started-at="2020-10-12T21:03:34 IST" finished-at="2020-10-12T21:03:34 IST">
          <reporter-output>
          </reporter-output>
        </test-method> <!-- afterMethod -->
        <test-method status="PASS" signature="beforeMethod()[pri:0, instance:testpavk.Test1@65e2dbf3]" name="beforeMethod" is-config="true" duration-ms="1" started-at="2020-10-12T21:03:34 IST" finished-at="2020-10-12T21:03:34 IST">
          <reporter-output>
          </reporter-output>
        </test-method> <!-- beforeMethod -->
        <test-method status="PASS" signature="test2()[pri:0, instance:testpavk.Test1@65e2dbf3]" name="test2" duration-ms="3" started-at="2020-10-12T21:03:34 IST" finished-at="2020-10-12T21:03:34 IST">
          <reporter-output>
          </reporter-output>
        </test-method> <!-- test2 -->
        <test-method status="PASS" signature="afterMethod()[pri:0, instance:testpavk.Test1@65e2dbf3]" name="afterMethod" is-config="true" duration-ms="7" started-at="2020-10-12T21:03:34 IST" finished-at="2020-10-12T21:03:34 IST">
          <reporter-output>
          </reporter-output>
        </test-method> <!-- afterMethod -->
        <test-method status="PASS" signature="afterClass()[pri:0, instance:testpavk.Test1@65e2dbf3]" name="afterClass" is-config="true" duration-ms="0" started-at="2020-10-12T21:03:34 IST" finished-at="2020-10-12T21:03:34 IST">
          <reporter-output>
          </reporter-output>
        </test-method> <!-- afterClass -->
      </class> <!-- testpavk.Test1 -->
    </test> <!-- Default test -->
  </suite> <!-- Default suite -->
</testng-results>
